<?xml version="1.0" encoding="UTF-8"?>
<testsuite xmlns:xsi="http://www.w3.org/2001/XMLSchema-instance" xsi:noNamespaceSchemaLocation="https://maven.apache.org/surefire/maven-surefire-plugin/xsd/surefire-test-report.xsd" name="com.example.rp.test.lagomendpoints.impl.StringServiceTest" time="5.25" tests="1" errors="0" skipped="0" failures="0">
  <properties>
    <property name="gopherProxySet" value="false"/>
    <property name="awt.toolkit" value="sun.lwawt.macosx.LWCToolkit"/>
    <property name="file.encoding.pkg" value="sun.io"/>
    <property name="java.specification.version" value="1.8"/>
    <property name="sun.cpu.isalist" value=""/>
    <property name="sun.jnu.encoding" value="UTF-8"/>
    <property name="java.class.path" value="/Users/naveenk@ibm.com/codewind-workspace/my-lagom-project/hello-impl/target/test-classes:/Users/naveenk@ibm.com/codewind-workspace/my-lagom-project/hello-impl/target/classes:/Users/naveenk@ibm.com/codewind-workspace/my-lagom-project/hello-api/target/classes:/Users/naveenk@ibm.com/.m2/repository/com/lightbend/lagom/lagom-javadsl-api_2.12/1.4.4/lagom-javadsl-api_2.12-1.4.4.jar:/Users/naveenk@ibm.com/.m2/repository/com/lightbend/lagom/lagom-api_2.12/1.4.4/lagom-api_2.12-1.4.4.jar:/Users/naveenk@ibm.com/.m2/repository/org/scala-lang/modules/scala-xml_2.12/1.0.6/scala-xml_2.12-1.0.6.jar:/Users/naveenk@ibm.com/.m2/repository/com/typesafe/play/play-java_2.12/2.6.12/play-java_2.12-2.6.12.jar:/Users/naveenk@ibm.com/.m2/repository/org/reflections/reflections/0.9.11/reflections-0.9.11.jar:/Users/naveenk@ibm.com/.m2/repository/org/javassist/javassist/3.21.0-GA/javassist-3.21.0-GA.jar:/Users/naveenk@ibm.com/.m2/repository/net/jodah/typetools/0.5.0/typetools-0.5.0.jar:/Users/naveenk@ibm.com/.m2/repository/com/typesafe/play/play-guice_2.12/2.6.12/play-guice_2.12-2.6.12.jar:/Users/naveenk@ibm.com/.m2/repository/com/google/inject/guice/4.1.0/guice-4.1.0.jar:/Users/naveenk@ibm.com/.m2/repository/aopalliance/aopalliance/1.0/aopalliance-1.0.jar:/Users/naveenk@ibm.com/.m2/repository/com/google/inject/extensions/guice-assistedinject/4.1.0/guice-assistedinject-4.1.0.jar:/Users/naveenk@ibm.com/.m2/repository/org/pcollections/pcollections/2.1.2/pcollections-2.1.2.jar:/Users/naveenk@ibm.com/.m2/repository/com/lightbend/lagom/lagom-javadsl-server_2.12/1.4.4/lagom-javadsl-server_2.12-1.4.4.jar:/Users/naveenk@ibm.com/.m2/repository/org/scala-lang/scala-library/2.12.4/scala-library-2.12.4.jar:/Users/naveenk@ibm.com/.m2/repository/com/lightbend/lagom/lagom-server_2.12/1.4.4/lagom-server_2.12-1.4.4.jar:/Users/naveenk@ibm.com/.m2/repository/com/lightbend/lagom/lagom-client_2.12/1.4.4/lagom-client_2.12-1.4.4.jar:/Users/naveenk@ibm.com/.m2/repository/com/typesafe/play/play-ws_2.12/2.6.12/play-ws_2.12-2.6.12.jar:/Users/naveenk@ibm.com/.m2/repository/com/typesafe/play/play-ws-standalone_2.12/1.1.6/play-ws-standalone_2.12-1.1.6.jar:/Users/naveenk@ibm.com/.m2/repository/com/typesafe/play/play-ws-standalone-xml_2.12/1.1.6/play-ws-standalone-xml_2.12-1.1.6.jar:/Users/naveenk@ibm.com/.m2/repository/com/typesafe/play/play-ws-standalone-json_2.12/1.1.6/play-ws-standalone-json_2.12-1.1.6.jar:/Users/naveenk@ibm.com/.m2/repository/com/typesafe/play/play-ahc-ws_2.12/2.6.12/play-ahc-ws_2.12-2.6.12.jar:/Users/naveenk@ibm.com/.m2/repository/com/typesafe/play/play-ahc-ws-standalone_2.12/1.1.6/play-ahc-ws-standalone_2.12-1.1.6.jar:/Users/naveenk@ibm.com/.m2/repository/com/typesafe/play/cachecontrol_2.12/1.1.2/cachecontrol_2.12-1.1.2.jar:/Users/naveenk@ibm.com/.m2/repository/org/joda/joda-convert/1.7/joda-convert-1.7.jar:/Users/naveenk@ibm.com/.m2/repository/com/typesafe/play/shaded-asynchttpclient/1.1.6/shaded-asynchttpclient-1.1.6.jar:/Users/naveenk@ibm.com/.m2/repository/com/typesafe/play/shaded-oauth/1.1.6/shaded-oauth-1.1.6.jar:/Users/naveenk@ibm.com/.m2/repository/javax/cache/cache-api/1.0.0/cache-api-1.0.0.jar:/Users/naveenk@ibm.com/.m2/repository/io/dropwizard/metrics/metrics-core/3.2.2/metrics-core-3.2.2.jar:/Users/naveenk@ibm.com/.m2/repository/com/typesafe/netty/netty-reactive-streams/2.0.0/netty-reactive-streams-2.0.0.jar:/Users/naveenk@ibm.com/.m2/repository/io/netty/netty-codec-http/4.1.22.Final/netty-codec-http-4.1.22.Final.jar:/Users/naveenk@ibm.com/.m2/repository/io/netty/netty-codec/4.1.22.Final/netty-codec-4.1.22.Final.jar:/Users/naveenk@ibm.com/.m2/repository/io/netty/netty-handler/4.1.22.Final/netty-handler-4.1.22.Final.jar:/Users/naveenk@ibm.com/.m2/repository/io/netty/netty-buffer/4.1.22.Final/netty-buffer-4.1.22.Final.jar:/Users/naveenk@ibm.com/.m2/repository/io/netty/netty-common/4.1.22.Final/netty-common-4.1.22.Final.jar:/Users/naveenk@ibm.com/.m2/repository/io/netty/netty-transport/4.1.22.Final/netty-transport-4.1.22.Final.jar:/Users/naveenk@ibm.com/.m2/repository/io/netty/netty-resolver/4.1.22.Final/netty-resolver-4.1.22.Final.jar:/Users/naveenk@ibm.com/.m2/repository/com/lightbend/lagom/lagom-javadsl-client_2.12/1.4.4/lagom-javadsl-client_2.12-1.4.4.jar:/Users/naveenk@ibm.com/.m2/repository/com/lightbend/lagom/lagom-javadsl-jackson_2.12/1.4.4/lagom-javadsl-jackson_2.12-1.4.4.jar:/Users/naveenk@ibm.com/.m2/repository/com/fasterxml/jackson/module/jackson-module-parameter-names/2.8.11/jackson-module-parameter-names-2.8.11.jar:/Users/naveenk@ibm.com/.m2/repository/com/fasterxml/jackson/datatype/jackson-datatype-pcollections/2.8.11/jackson-datatype-pcollections-2.8.11.jar:/Users/naveenk@ibm.com/.m2/repository/com/fasterxml/jackson/datatype/jackson-datatype-guava/2.8.11/jackson-datatype-guava-2.8.11.jar:/Users/naveenk@ibm.com/.m2/repository/com/fasterxml/jackson/datatype/jackson-datatype-jdk8/2.8.11/jackson-datatype-jdk8-2.8.11.jar:/Users/naveenk@ibm.com/.m2/repository/com/fasterxml/jackson/datatype/jackson-datatype-jsr310/2.8.11/jackson-datatype-jsr310-2.8.11.jar:/Users/naveenk@ibm.com/.m2/repository/org/slf4j/slf4j-api/1.7.25/slf4j-api-1.7.25.jar:/Users/naveenk@ibm.com/.m2/repository/com/lightbend/lagom/lagom-logback_2.12/1.4.4/lagom-logback_2.12-1.4.4.jar:/Users/naveenk@ibm.com/.m2/repository/org/slf4j/jcl-over-slf4j/1.7.25/jcl-over-slf4j-1.7.25.jar:/Users/naveenk@ibm.com/.m2/repository/org/slf4j/jul-to-slf4j/1.7.25/jul-to-slf4j-1.7.25.jar:/Users/naveenk@ibm.com/.m2/repository/org/slf4j/log4j-over-slf4j/1.7.25/log4j-over-slf4j-1.7.25.jar:/Users/naveenk@ibm.com/.m2/repository/com/typesafe/play/play_2.12/2.6.12/play_2.12-2.6.12.jar:/Users/naveenk@ibm.com/.m2/repository/com/typesafe/play/build-link/2.6.12/build-link-2.6.12.jar:/Users/naveenk@ibm.com/.m2/repository/com/typesafe/play/play-exceptions/2.6.12/play-exceptions-2.6.12.jar:/Users/naveenk@ibm.com/.m2/repository/com/typesafe/play/play-netty-utils/2.6.12/play-netty-utils-2.6.12.jar:/Users/naveenk@ibm.com/.m2/repository/com/typesafe/play/twirl-api_2.12/1.3.14/twirl-api_2.12-1.3.14.jar:/Users/naveenk@ibm.com/.m2/repository/com/typesafe/akka/akka-actor_2.12/2.5.11/akka-actor_2.12-2.5.11.jar:/Users/naveenk@ibm.com/.m2/repository/com/typesafe/config/1.3.2/config-1.3.2.jar:/Users/naveenk@ibm.com/.m2/repository/com/typesafe/akka/akka-slf4j_2.12/2.5.11/akka-slf4j_2.12-2.5.11.jar:/Users/naveenk@ibm.com/.m2/repository/com/fasterxml/jackson/core/jackson-core/2.8.11/jackson-core-2.8.11.jar:/Users/naveenk@ibm.com/.m2/repository/com/fasterxml/jackson/core/jackson-annotations/2.8.11/jackson-annotations-2.8.11.jar:/Users/naveenk@ibm.com/.m2/repository/com/fasterxml/jackson/core/jackson-databind/2.8.11/jackson-databind-2.8.11.jar:/Users/naveenk@ibm.com/.m2/repository/commons-codec/commons-codec/1.10/commons-codec-1.10.jar:/Users/naveenk@ibm.com/.m2/repository/com/google/guava/guava/22.0/guava-22.0.jar:/Users/naveenk@ibm.com/.m2/repository/com/google/code/findbugs/jsr305/1.3.9/jsr305-1.3.9.jar:/Users/naveenk@ibm.com/.m2/repository/com/google/errorprone/error_prone_annotations/2.0.18/error_prone_annotations-2.0.18.jar:/Users/naveenk@ibm.com/.m2/repository/com/google/j2objc/j2objc-annotations/1.1/j2objc-annotations-1.1.jar:/Users/naveenk@ibm.com/.m2/repository/org/codehaus/mojo/animal-sniffer-annotations/1.14/animal-sniffer-annotations-1.14.jar:/Users/naveenk@ibm.com/.m2/repository/io/jsonwebtoken/jjwt/0.7.0/jjwt-0.7.0.jar:/Users/naveenk@ibm.com/.m2/repository/org/apache/commons/commons-lang3/3.6/commons-lang3-3.6.jar:/Users/naveenk@ibm.com/.m2/repository/javax/transaction/jta/1.1/jta-1.1.jar:/Users/naveenk@ibm.com/.m2/repository/javax/inject/javax.inject/1/javax.inject-1.jar:/Users/naveenk@ibm.com/.m2/repository/org/scala-lang/scala-reflect/2.12.4/scala-reflect-2.12.4.jar:/Users/naveenk@ibm.com/.m2/repository/org/scala-lang/modules/scala-java8-compat_2.12/0.8.0/scala-java8-compat_2.12-0.8.0.jar:/Users/naveenk@ibm.com/.m2/repository/org/scala-lang/modules/scala-parser-combinators_2.12/1.0.6/scala-parser-combinators_2.12-1.0.6.jar:/Users/naveenk@ibm.com/.m2/repository/org/reactivestreams/reactive-streams/1.0.2/reactive-streams-1.0.2.jar:/Users/naveenk@ibm.com/.m2/repository/com/typesafe/play/play-json_2.12/2.6.9/play-json_2.12-2.6.9.jar:/Users/naveenk@ibm.com/.m2/repository/com/typesafe/play/play-functional_2.12/2.6.9/play-functional_2.12-2.6.9.jar:/Users/naveenk@ibm.com/.m2/repository/org/typelevel/macro-compat_2.12/1.1.1/macro-compat_2.12-1.1.1.jar:/Users/naveenk@ibm.com/.m2/repository/joda-time/joda-time/2.9.9/joda-time-2.9.9.jar:/Users/naveenk@ibm.com/.m2/repository/ch/qos/logback/logback-core/1.2.3/logback-core-1.2.3.jar:/Users/naveenk@ibm.com/.m2/repository/ch/qos/logback/logback-classic/1.2.3/logback-classic-1.2.3.jar:/Users/naveenk@ibm.com/.m2/repository/com/lightbend/lagom/api-tools_2.12/1.4.4/api-tools_2.12-1.4.4.jar:/Users/naveenk@ibm.com/.m2/repository/com/lightbend/lagom/lagom-spi_2.12/1.4.4/lagom-spi_2.12-1.4.4.jar:/Users/naveenk@ibm.com/.m2/repository/com/typesafe/play/play-akka-http-server_2.12/2.6.12/play-akka-http-server_2.12-2.6.12.jar:/Users/naveenk@ibm.com/.m2/repository/com/typesafe/play/play-server_2.12/2.6.12/play-server_2.12-2.6.12.jar:/Users/naveenk@ibm.com/.m2/repository/com/typesafe/play/play-streams_2.12/2.6.12/play-streams_2.12-2.6.12.jar:/Users/naveenk@ibm.com/.m2/repository/com/typesafe/akka/akka-stream_2.12/2.5.11/akka-stream_2.12-2.5.11.jar:/Users/naveenk@ibm.com/.m2/repository/com/typesafe/akka/akka-protobuf_2.12/2.5.11/akka-protobuf_2.12-2.5.11.jar:/Users/naveenk@ibm.com/.m2/repository/com/typesafe/ssl-config-core_2.12/0.2.2/ssl-config-core_2.12-0.2.2.jar:/Users/naveenk@ibm.com/.m2/repository/com/typesafe/akka/akka-http-core_2.12/10.0.11/akka-http-core_2.12-10.0.11.jar:/Users/naveenk@ibm.com/.m2/repository/com/typesafe/akka/akka-parsing_2.12/10.0.11/akka-parsing_2.12-10.0.11.jar:/Users/naveenk@ibm.com/.m2/repository/com/lightbend/rp/reactive-lib-service-discovery-lagom14-java_2.12/0.9.0/reactive-lib-service-discovery-lagom14-java_2.12-0.9.0.jar:/Users/naveenk@ibm.com/.m2/repository/com/lightbend/rp/reactive-lib-service-discovery_2.12/0.9.0/reactive-lib-service-discovery_2.12-0.9.0.jar:/Users/naveenk@ibm.com/.m2/repository/com/lightbend/rp/reactive-lib-async-dns_2.12/0.9.0/reactive-lib-async-dns_2.12-0.9.0.jar:/Users/naveenk@ibm.com/.m2/repository/com/lightbend/rp/reactive-lib-akka-cluster-bootstrap_2.12/0.9.0/reactive-lib-akka-cluster-bootstrap_2.12-0.9.0.jar:/Users/naveenk@ibm.com/.m2/repository/com/lightbend/rp/reactive-lib-akka-management_2.12/0.9.0/reactive-lib-akka-management_2.12-0.9.0.jar:/Users/naveenk@ibm.com/.m2/repository/com/lightbend/akka/management/akka-management_2.12/0.17.0/akka-management_2.12-0.17.0.jar:/Users/naveenk@ibm.com/.m2/repository/com/lightbend/rp/reactive-lib-status_2.12/0.9.0/reactive-lib-status_2.12-0.9.0.jar:/Users/naveenk@ibm.com/.m2/repository/com/lightbend/akka/discovery/akka-discovery-kubernetes-api_2.12/0.17.0/akka-discovery-kubernetes-api_2.12-0.17.0.jar:/Users/naveenk@ibm.com/.m2/repository/com/lightbend/akka/discovery/akka-discovery_2.12/0.17.0/akka-discovery_2.12-0.17.0.jar:/Users/naveenk@ibm.com/.m2/repository/com/typesafe/akka/akka-http_2.12/10.0.13/akka-http_2.12-10.0.13.jar:/Users/naveenk@ibm.com/.m2/repository/com/typesafe/akka/akka-http-spray-json_2.12/10.0.13/akka-http-spray-json_2.12-10.0.13.jar:/Users/naveenk@ibm.com/.m2/repository/io/spray/spray-json_2.12/1.3.3/spray-json_2.12-1.3.3.jar:/Users/naveenk@ibm.com/.m2/repository/com/lightbend/akka/discovery/akka-discovery-marathon-api_2.12/0.17.0/akka-discovery-marathon-api_2.12-0.17.0.jar:/Users/naveenk@ibm.com/.m2/repository/com/lightbend/akka/management/akka-management-cluster-bootstrap_2.12/0.17.0/akka-management-cluster-bootstrap_2.12-0.17.0.jar:/Users/naveenk@ibm.com/.m2/repository/com/typesafe/akka/akka-cluster_2.12/2.5.11/akka-cluster_2.12-2.5.11.jar:/Users/naveenk@ibm.com/.m2/repository/com/typesafe/akka/akka-remote_2.12/2.5.11/akka-remote_2.12-2.5.11.jar:/Users/naveenk@ibm.com/.m2/repository/io/netty/netty/3.10.6.Final/netty-3.10.6.Final.jar:/Users/naveenk@ibm.com/.m2/repository/io/aeron/aeron-driver/1.7.0/aeron-driver-1.7.0.jar:/Users/naveenk@ibm.com/.m2/repository/io/aeron/aeron-client/1.7.0/aeron-client-1.7.0.jar:/Users/naveenk@ibm.com/.m2/repository/org/agrona/agrona/0.9.12/agrona-0.9.12.jar:/Users/naveenk@ibm.com/.m2/repository/com/lightbend/rp/reactive-lib-play-http-binding_2.12/0.9.0/reactive-lib-play-http-binding_2.12-0.9.0.jar:/Users/naveenk@ibm.com/.m2/repository/com/lightbend/rp/reactive-lib-common_2.12/0.9.0/reactive-lib-common_2.12-0.9.0.jar:/Users/naveenk@ibm.com/.m2/repository/com/lightbend/lagom/lagom-javadsl-testkit_2.12/1.4.4/lagom-javadsl-testkit_2.12-1.4.4.jar:/Users/naveenk@ibm.com/.m2/repository/com/lightbend/lagom/lagom-core-testkit_2.12/1.4.4/lagom-core-testkit_2.12-1.4.4.jar:/Users/naveenk@ibm.com/.m2/repository/com/typesafe/akka/akka-persistence-cassandra-launcher_2.12/0.60/akka-persistence-cassandra-launcher_2.12-0.60.jar:/Users/naveenk@ibm.com/.m2/repository/com/lightbend/lagom/lagom-javadsl-pubsub_2.12/1.4.4/lagom-javadsl-pubsub_2.12-1.4.4.jar:/Users/naveenk@ibm.com/.m2/repository/com/lightbend/lagom/lagom-javadsl-cluster_2.12/1.4.4/lagom-javadsl-cluster_2.12-1.4.4.jar:/Users/naveenk@ibm.com/.m2/repository/com/typesafe/akka/akka-cluster-tools_2.12/2.5.11/akka-cluster-tools_2.12-2.5.11.jar:/Users/naveenk@ibm.com/.m2/repository/com/lightbend/lagom/lagom-javadsl-broker_2.12/1.4.4/lagom-javadsl-broker_2.12-1.4.4.jar:/Users/naveenk@ibm.com/.m2/repository/com/lightbend/lagom/lagom-javadsl-persistence_2.12/1.4.4/lagom-javadsl-persistence_2.12-1.4.4.jar:/Users/naveenk@ibm.com/.m2/repository/com/lightbend/lagom/lagom-persistence-core_2.12/1.4.4/lagom-persistence-core_2.12-1.4.4.jar:/Users/naveenk@ibm.com/.m2/repository/com/lightbend/lagom/lagom-cluster-core_2.12/1.4.4/lagom-cluster-core_2.12-1.4.4.jar:/Users/naveenk@ibm.com/.m2/repository/com/typesafe/akka/akka-persistence_2.12/2.5.11/akka-persistence_2.12-2.5.11.jar:/Users/naveenk@ibm.com/.m2/repository/com/typesafe/akka/akka-persistence-query_2.12/2.5.11/akka-persistence-query_2.12-2.5.11.jar:/Users/naveenk@ibm.com/.m2/repository/com/typesafe/akka/akka-cluster-sharding_2.12/2.5.11/akka-cluster-sharding_2.12-2.5.11.jar:/Users/naveenk@ibm.com/.m2/repository/com/typesafe/akka/akka-distributed-data_2.12/2.5.11/akka-distributed-data_2.12-2.5.11.jar:/Users/naveenk@ibm.com/.m2/repository/org/lmdbjava/lmdbjava/0.6.0/lmdbjava-0.6.0.jar:/Users/naveenk@ibm.com/.m2/repository/com/github/jnr/jnr-ffi/2.1.6/jnr-ffi-2.1.6.jar:/Users/naveenk@ibm.com/.m2/repository/com/github/jnr/jffi/1.2.16/jffi-1.2.16.jar:/Users/naveenk@ibm.com/.m2/repository/com/github/jnr/jffi/1.2.16/jffi-1.2.16-native.jar:/Users/naveenk@ibm.com/.m2/repository/org/ow2/asm/asm/5.0.3/asm-5.0.3.jar:/Users/naveenk@ibm.com/.m2/repository/org/ow2/asm/asm-commons/5.0.3/asm-commons-5.0.3.jar:/Users/naveenk@ibm.com/.m2/repository/org/ow2/asm/asm-analysis/5.0.3/asm-analysis-5.0.3.jar:/Users/naveenk@ibm.com/.m2/repository/org/ow2/asm/asm-tree/5.0.3/asm-tree-5.0.3.jar:/Users/naveenk@ibm.com/.m2/repository/org/ow2/asm/asm-util/5.0.3/asm-util-5.0.3.jar:/Users/naveenk@ibm.com/.m2/repository/com/github/jnr/jnr-x86asm/1.0.2/jnr-x86asm-1.0.2.jar:/Users/naveenk@ibm.com/.m2/repository/com/github/jnr/jnr-constants/0.9.9/jnr-constants-0.9.9.jar:/Users/naveenk@ibm.com/.m2/repository/com/typesafe/akka/akka-stream-testkit_2.12/2.5.11/akka-stream-testkit_2.12-2.5.11.jar:/Users/naveenk@ibm.com/.m2/repository/com/typesafe/akka/akka-testkit_2.12/2.5.11/akka-testkit_2.12-2.5.11.jar:/Users/naveenk@ibm.com/.m2/repository/junit/junit/4.11/junit-4.11.jar:/Users/naveenk@ibm.com/.m2/repository/org/hamcrest/hamcrest-core/1.3/hamcrest-core-1.3.jar:"/>
    <property name="java.vm.vendor" value="Oracle Corporation"/>
    <property name="sun.arch.data.model" value="64"/>
    <property name="java.vendor.url" value="http://java.oracle.com/"/>
    <property name="user.timezone" value=""/>
    <property name="java.vm.specification.version" value="1.8"/>
    <property name="os.name" value="Mac OS X"/>
    <property name="user.country" value="US"/>
    <property name="sun.java.launcher" value="SUN_STANDARD"/>
    <property name="sun.boot.library.path" value="/Library/Java/JavaVirtualMachines/jdk1.8.0_181.jdk/Contents/Home/jre/lib"/>
    <property name="sun.java.command" value="/Users/naveenk@ibm.com/codewind-workspace/my-lagom-project/hello-impl/target/surefire/surefirebooter1855784451604172115.jar /Users/naveenk@ibm.com/codewind-workspace/my-lagom-project/hello-impl/target/surefire 2019-07-29T13-51-52_130-jvmRun1 surefire8960508310525115788tmp surefire_02723507015295496326tmp"/>
    <property name="surefire.test.class.path" value="/Users/naveenk@ibm.com/codewind-workspace/my-lagom-project/hello-impl/target/test-classes:/Users/naveenk@ibm.com/codewind-workspace/my-lagom-project/hello-impl/target/classes:/Users/naveenk@ibm.com/codewind-workspace/my-lagom-project/hello-api/target/classes:/Users/naveenk@ibm.com/.m2/repository/com/lightbend/lagom/lagom-javadsl-api_2.12/1.4.4/lagom-javadsl-api_2.12-1.4.4.jar:/Users/naveenk@ibm.com/.m2/repository/com/lightbend/lagom/lagom-api_2.12/1.4.4/lagom-api_2.12-1.4.4.jar:/Users/naveenk@ibm.com/.m2/repository/org/scala-lang/modules/scala-xml_2.12/1.0.6/scala-xml_2.12-1.0.6.jar:/Users/naveenk@ibm.com/.m2/repository/com/typesafe/play/play-java_2.12/2.6.12/play-java_2.12-2.6.12.jar:/Users/naveenk@ibm.com/.m2/repository/org/reflections/reflections/0.9.11/reflections-0.9.11.jar:/Users/naveenk@ibm.com/.m2/repository/org/javassist/javassist/3.21.0-GA/javassist-3.21.0-GA.jar:/Users/naveenk@ibm.com/.m2/repository/net/jodah/typetools/0.5.0/typetools-0.5.0.jar:/Users/naveenk@ibm.com/.m2/repository/com/typesafe/play/play-guice_2.12/2.6.12/play-guice_2.12-2.6.12.jar:/Users/naveenk@ibm.com/.m2/repository/com/google/inject/guice/4.1.0/guice-4.1.0.jar:/Users/naveenk@ibm.com/.m2/repository/aopalliance/aopalliance/1.0/aopalliance-1.0.jar:/Users/naveenk@ibm.com/.m2/repository/com/google/inject/extensions/guice-assistedinject/4.1.0/guice-assistedinject-4.1.0.jar:/Users/naveenk@ibm.com/.m2/repository/org/pcollections/pcollections/2.1.2/pcollections-2.1.2.jar:/Users/naveenk@ibm.com/.m2/repository/com/lightbend/lagom/lagom-javadsl-server_2.12/1.4.4/lagom-javadsl-server_2.12-1.4.4.jar:/Users/naveenk@ibm.com/.m2/repository/org/scala-lang/scala-library/2.12.4/scala-library-2.12.4.jar:/Users/naveenk@ibm.com/.m2/repository/com/lightbend/lagom/lagom-server_2.12/1.4.4/lagom-server_2.12-1.4.4.jar:/Users/naveenk@ibm.com/.m2/repository/com/lightbend/lagom/lagom-client_2.12/1.4.4/lagom-client_2.12-1.4.4.jar:/Users/naveenk@ibm.com/.m2/repository/com/typesafe/play/play-ws_2.12/2.6.12/play-ws_2.12-2.6.12.jar:/Users/naveenk@ibm.com/.m2/repository/com/typesafe/play/play-ws-standalone_2.12/1.1.6/play-ws-standalone_2.12-1.1.6.jar:/Users/naveenk@ibm.com/.m2/repository/com/typesafe/play/play-ws-standalone-xml_2.12/1.1.6/play-ws-standalone-xml_2.12-1.1.6.jar:/Users/naveenk@ibm.com/.m2/repository/com/typesafe/play/play-ws-standalone-json_2.12/1.1.6/play-ws-standalone-json_2.12-1.1.6.jar:/Users/naveenk@ibm.com/.m2/repository/com/typesafe/play/play-ahc-ws_2.12/2.6.12/play-ahc-ws_2.12-2.6.12.jar:/Users/naveenk@ibm.com/.m2/repository/com/typesafe/play/play-ahc-ws-standalone_2.12/1.1.6/play-ahc-ws-standalone_2.12-1.1.6.jar:/Users/naveenk@ibm.com/.m2/repository/com/typesafe/play/cachecontrol_2.12/1.1.2/cachecontrol_2.12-1.1.2.jar:/Users/naveenk@ibm.com/.m2/repository/org/joda/joda-convert/1.7/joda-convert-1.7.jar:/Users/naveenk@ibm.com/.m2/repository/com/typesafe/play/shaded-asynchttpclient/1.1.6/shaded-asynchttpclient-1.1.6.jar:/Users/naveenk@ibm.com/.m2/repository/com/typesafe/play/shaded-oauth/1.1.6/shaded-oauth-1.1.6.jar:/Users/naveenk@ibm.com/.m2/repository/javax/cache/cache-api/1.0.0/cache-api-1.0.0.jar:/Users/naveenk@ibm.com/.m2/repository/io/dropwizard/metrics/metrics-core/3.2.2/metrics-core-3.2.2.jar:/Users/naveenk@ibm.com/.m2/repository/com/typesafe/netty/netty-reactive-streams/2.0.0/netty-reactive-streams-2.0.0.jar:/Users/naveenk@ibm.com/.m2/repository/io/netty/netty-codec-http/4.1.22.Final/netty-codec-http-4.1.22.Final.jar:/Users/naveenk@ibm.com/.m2/repository/io/netty/netty-codec/4.1.22.Final/netty-codec-4.1.22.Final.jar:/Users/naveenk@ibm.com/.m2/repository/io/netty/netty-handler/4.1.22.Final/netty-handler-4.1.22.Final.jar:/Users/naveenk@ibm.com/.m2/repository/io/netty/netty-buffer/4.1.22.Final/netty-buffer-4.1.22.Final.jar:/Users/naveenk@ibm.com/.m2/repository/io/netty/netty-common/4.1.22.Final/netty-common-4.1.22.Final.jar:/Users/naveenk@ibm.com/.m2/repository/io/netty/netty-transport/4.1.22.Final/netty-transport-4.1.22.Final.jar:/Users/naveenk@ibm.com/.m2/repository/io/netty/netty-resolver/4.1.22.Final/netty-resolver-4.1.22.Final.jar:/Users/naveenk@ibm.com/.m2/repository/com/lightbend/lagom/lagom-javadsl-client_2.12/1.4.4/lagom-javadsl-client_2.12-1.4.4.jar:/Users/naveenk@ibm.com/.m2/repository/com/lightbend/lagom/lagom-javadsl-jackson_2.12/1.4.4/lagom-javadsl-jackson_2.12-1.4.4.jar:/Users/naveenk@ibm.com/.m2/repository/com/fasterxml/jackson/module/jackson-module-parameter-names/2.8.11/jackson-module-parameter-names-2.8.11.jar:/Users/naveenk@ibm.com/.m2/repository/com/fasterxml/jackson/datatype/jackson-datatype-pcollections/2.8.11/jackson-datatype-pcollections-2.8.11.jar:/Users/naveenk@ibm.com/.m2/repository/com/fasterxml/jackson/datatype/jackson-datatype-guava/2.8.11/jackson-datatype-guava-2.8.11.jar:/Users/naveenk@ibm.com/.m2/repository/com/fasterxml/jackson/datatype/jackson-datatype-jdk8/2.8.11/jackson-datatype-jdk8-2.8.11.jar:/Users/naveenk@ibm.com/.m2/repository/com/fasterxml/jackson/datatype/jackson-datatype-jsr310/2.8.11/jackson-datatype-jsr310-2.8.11.jar:/Users/naveenk@ibm.com/.m2/repository/org/slf4j/slf4j-api/1.7.25/slf4j-api-1.7.25.jar:/Users/naveenk@ibm.com/.m2/repository/com/lightbend/lagom/lagom-logback_2.12/1.4.4/lagom-logback_2.12-1.4.4.jar:/Users/naveenk@ibm.com/.m2/repository/org/slf4j/jcl-over-slf4j/1.7.25/jcl-over-slf4j-1.7.25.jar:/Users/naveenk@ibm.com/.m2/repository/org/slf4j/jul-to-slf4j/1.7.25/jul-to-slf4j-1.7.25.jar:/Users/naveenk@ibm.com/.m2/repository/org/slf4j/log4j-over-slf4j/1.7.25/log4j-over-slf4j-1.7.25.jar:/Users/naveenk@ibm.com/.m2/repository/com/typesafe/play/play_2.12/2.6.12/play_2.12-2.6.12.jar:/Users/naveenk@ibm.com/.m2/repository/com/typesafe/play/build-link/2.6.12/build-link-2.6.12.jar:/Users/naveenk@ibm.com/.m2/repository/com/typesafe/play/play-exceptions/2.6.12/play-exceptions-2.6.12.jar:/Users/naveenk@ibm.com/.m2/repository/com/typesafe/play/play-netty-utils/2.6.12/play-netty-utils-2.6.12.jar:/Users/naveenk@ibm.com/.m2/repository/com/typesafe/play/twirl-api_2.12/1.3.14/twirl-api_2.12-1.3.14.jar:/Users/naveenk@ibm.com/.m2/repository/com/typesafe/akka/akka-actor_2.12/2.5.11/akka-actor_2.12-2.5.11.jar:/Users/naveenk@ibm.com/.m2/repository/com/typesafe/config/1.3.2/config-1.3.2.jar:/Users/naveenk@ibm.com/.m2/repository/com/typesafe/akka/akka-slf4j_2.12/2.5.11/akka-slf4j_2.12-2.5.11.jar:/Users/naveenk@ibm.com/.m2/repository/com/fasterxml/jackson/core/jackson-core/2.8.11/jackson-core-2.8.11.jar:/Users/naveenk@ibm.com/.m2/repository/com/fasterxml/jackson/core/jackson-annotations/2.8.11/jackson-annotations-2.8.11.jar:/Users/naveenk@ibm.com/.m2/repository/com/fasterxml/jackson/core/jackson-databind/2.8.11/jackson-databind-2.8.11.jar:/Users/naveenk@ibm.com/.m2/repository/commons-codec/commons-codec/1.10/commons-codec-1.10.jar:/Users/naveenk@ibm.com/.m2/repository/com/google/guava/guava/22.0/guava-22.0.jar:/Users/naveenk@ibm.com/.m2/repository/com/google/code/findbugs/jsr305/1.3.9/jsr305-1.3.9.jar:/Users/naveenk@ibm.com/.m2/repository/com/google/errorprone/error_prone_annotations/2.0.18/error_prone_annotations-2.0.18.jar:/Users/naveenk@ibm.com/.m2/repository/com/google/j2objc/j2objc-annotations/1.1/j2objc-annotations-1.1.jar:/Users/naveenk@ibm.com/.m2/repository/org/codehaus/mojo/animal-sniffer-annotations/1.14/animal-sniffer-annotations-1.14.jar:/Users/naveenk@ibm.com/.m2/repository/io/jsonwebtoken/jjwt/0.7.0/jjwt-0.7.0.jar:/Users/naveenk@ibm.com/.m2/repository/org/apache/commons/commons-lang3/3.6/commons-lang3-3.6.jar:/Users/naveenk@ibm.com/.m2/repository/javax/transaction/jta/1.1/jta-1.1.jar:/Users/naveenk@ibm.com/.m2/repository/javax/inject/javax.inject/1/javax.inject-1.jar:/Users/naveenk@ibm.com/.m2/repository/org/scala-lang/scala-reflect/2.12.4/scala-reflect-2.12.4.jar:/Users/naveenk@ibm.com/.m2/repository/org/scala-lang/modules/scala-java8-compat_2.12/0.8.0/scala-java8-compat_2.12-0.8.0.jar:/Users/naveenk@ibm.com/.m2/repository/org/scala-lang/modules/scala-parser-combinators_2.12/1.0.6/scala-parser-combinators_2.12-1.0.6.jar:/Users/naveenk@ibm.com/.m2/repository/org/reactivestreams/reactive-streams/1.0.2/reactive-streams-1.0.2.jar:/Users/naveenk@ibm.com/.m2/repository/com/typesafe/play/play-json_2.12/2.6.9/play-json_2.12-2.6.9.jar:/Users/naveenk@ibm.com/.m2/repository/com/typesafe/play/play-functional_2.12/2.6.9/play-functional_2.12-2.6.9.jar:/Users/naveenk@ibm.com/.m2/repository/org/typelevel/macro-compat_2.12/1.1.1/macro-compat_2.12-1.1.1.jar:/Users/naveenk@ibm.com/.m2/repository/joda-time/joda-time/2.9.9/joda-time-2.9.9.jar:/Users/naveenk@ibm.com/.m2/repository/ch/qos/logback/logback-core/1.2.3/logback-core-1.2.3.jar:/Users/naveenk@ibm.com/.m2/repository/ch/qos/logback/logback-classic/1.2.3/logback-classic-1.2.3.jar:/Users/naveenk@ibm.com/.m2/repository/com/lightbend/lagom/api-tools_2.12/1.4.4/api-tools_2.12-1.4.4.jar:/Users/naveenk@ibm.com/.m2/repository/com/lightbend/lagom/lagom-spi_2.12/1.4.4/lagom-spi_2.12-1.4.4.jar:/Users/naveenk@ibm.com/.m2/repository/com/typesafe/play/play-akka-http-server_2.12/2.6.12/play-akka-http-server_2.12-2.6.12.jar:/Users/naveenk@ibm.com/.m2/repository/com/typesafe/play/play-server_2.12/2.6.12/play-server_2.12-2.6.12.jar:/Users/naveenk@ibm.com/.m2/repository/com/typesafe/play/play-streams_2.12/2.6.12/play-streams_2.12-2.6.12.jar:/Users/naveenk@ibm.com/.m2/repository/com/typesafe/akka/akka-stream_2.12/2.5.11/akka-stream_2.12-2.5.11.jar:/Users/naveenk@ibm.com/.m2/repository/com/typesafe/akka/akka-protobuf_2.12/2.5.11/akka-protobuf_2.12-2.5.11.jar:/Users/naveenk@ibm.com/.m2/repository/com/typesafe/ssl-config-core_2.12/0.2.2/ssl-config-core_2.12-0.2.2.jar:/Users/naveenk@ibm.com/.m2/repository/com/typesafe/akka/akka-http-core_2.12/10.0.11/akka-http-core_2.12-10.0.11.jar:/Users/naveenk@ibm.com/.m2/repository/com/typesafe/akka/akka-parsing_2.12/10.0.11/akka-parsing_2.12-10.0.11.jar:/Users/naveenk@ibm.com/.m2/repository/com/lightbend/rp/reactive-lib-service-discovery-lagom14-java_2.12/0.9.0/reactive-lib-service-discovery-lagom14-java_2.12-0.9.0.jar:/Users/naveenk@ibm.com/.m2/repository/com/lightbend/rp/reactive-lib-service-discovery_2.12/0.9.0/reactive-lib-service-discovery_2.12-0.9.0.jar:/Users/naveenk@ibm.com/.m2/repository/com/lightbend/rp/reactive-lib-async-dns_2.12/0.9.0/reactive-lib-async-dns_2.12-0.9.0.jar:/Users/naveenk@ibm.com/.m2/repository/com/lightbend/rp/reactive-lib-akka-cluster-bootstrap_2.12/0.9.0/reactive-lib-akka-cluster-bootstrap_2.12-0.9.0.jar:/Users/naveenk@ibm.com/.m2/repository/com/lightbend/rp/reactive-lib-akka-management_2.12/0.9.0/reactive-lib-akka-management_2.12-0.9.0.jar:/Users/naveenk@ibm.com/.m2/repository/com/lightbend/akka/management/akka-management_2.12/0.17.0/akka-management_2.12-0.17.0.jar:/Users/naveenk@ibm.com/.m2/repository/com/lightbend/rp/reactive-lib-status_2.12/0.9.0/reactive-lib-status_2.12-0.9.0.jar:/Users/naveenk@ibm.com/.m2/repository/com/lightbend/akka/discovery/akka-discovery-kubernetes-api_2.12/0.17.0/akka-discovery-kubernetes-api_2.12-0.17.0.jar:/Users/naveenk@ibm.com/.m2/repository/com/lightbend/akka/discovery/akka-discovery_2.12/0.17.0/akka-discovery_2.12-0.17.0.jar:/Users/naveenk@ibm.com/.m2/repository/com/typesafe/akka/akka-http_2.12/10.0.13/akka-http_2.12-10.0.13.jar:/Users/naveenk@ibm.com/.m2/repository/com/typesafe/akka/akka-http-spray-json_2.12/10.0.13/akka-http-spray-json_2.12-10.0.13.jar:/Users/naveenk@ibm.com/.m2/repository/io/spray/spray-json_2.12/1.3.3/spray-json_2.12-1.3.3.jar:/Users/naveenk@ibm.com/.m2/repository/com/lightbend/akka/discovery/akka-discovery-marathon-api_2.12/0.17.0/akka-discovery-marathon-api_2.12-0.17.0.jar:/Users/naveenk@ibm.com/.m2/repository/com/lightbend/akka/management/akka-management-cluster-bootstrap_2.12/0.17.0/akka-management-cluster-bootstrap_2.12-0.17.0.jar:/Users/naveenk@ibm.com/.m2/repository/com/typesafe/akka/akka-cluster_2.12/2.5.11/akka-cluster_2.12-2.5.11.jar:/Users/naveenk@ibm.com/.m2/repository/com/typesafe/akka/akka-remote_2.12/2.5.11/akka-remote_2.12-2.5.11.jar:/Users/naveenk@ibm.com/.m2/repository/io/netty/netty/3.10.6.Final/netty-3.10.6.Final.jar:/Users/naveenk@ibm.com/.m2/repository/io/aeron/aeron-driver/1.7.0/aeron-driver-1.7.0.jar:/Users/naveenk@ibm.com/.m2/repository/io/aeron/aeron-client/1.7.0/aeron-client-1.7.0.jar:/Users/naveenk@ibm.com/.m2/repository/org/agrona/agrona/0.9.12/agrona-0.9.12.jar:/Users/naveenk@ibm.com/.m2/repository/com/lightbend/rp/reactive-lib-play-http-binding_2.12/0.9.0/reactive-lib-play-http-binding_2.12-0.9.0.jar:/Users/naveenk@ibm.com/.m2/repository/com/lightbend/rp/reactive-lib-common_2.12/0.9.0/reactive-lib-common_2.12-0.9.0.jar:/Users/naveenk@ibm.com/.m2/repository/com/lightbend/lagom/lagom-javadsl-testkit_2.12/1.4.4/lagom-javadsl-testkit_2.12-1.4.4.jar:/Users/naveenk@ibm.com/.m2/repository/com/lightbend/lagom/lagom-core-testkit_2.12/1.4.4/lagom-core-testkit_2.12-1.4.4.jar:/Users/naveenk@ibm.com/.m2/repository/com/typesafe/akka/akka-persistence-cassandra-launcher_2.12/0.60/akka-persistence-cassandra-launcher_2.12-0.60.jar:/Users/naveenk@ibm.com/.m2/repository/com/lightbend/lagom/lagom-javadsl-pubsub_2.12/1.4.4/lagom-javadsl-pubsub_2.12-1.4.4.jar:/Users/naveenk@ibm.com/.m2/repository/com/lightbend/lagom/lagom-javadsl-cluster_2.12/1.4.4/lagom-javadsl-cluster_2.12-1.4.4.jar:/Users/naveenk@ibm.com/.m2/repository/com/typesafe/akka/akka-cluster-tools_2.12/2.5.11/akka-cluster-tools_2.12-2.5.11.jar:/Users/naveenk@ibm.com/.m2/repository/com/lightbend/lagom/lagom-javadsl-broker_2.12/1.4.4/lagom-javadsl-broker_2.12-1.4.4.jar:/Users/naveenk@ibm.com/.m2/repository/com/lightbend/lagom/lagom-javadsl-persistence_2.12/1.4.4/lagom-javadsl-persistence_2.12-1.4.4.jar:/Users/naveenk@ibm.com/.m2/repository/com/lightbend/lagom/lagom-persistence-core_2.12/1.4.4/lagom-persistence-core_2.12-1.4.4.jar:/Users/naveenk@ibm.com/.m2/repository/com/lightbend/lagom/lagom-cluster-core_2.12/1.4.4/lagom-cluster-core_2.12-1.4.4.jar:/Users/naveenk@ibm.com/.m2/repository/com/typesafe/akka/akka-persistence_2.12/2.5.11/akka-persistence_2.12-2.5.11.jar:/Users/naveenk@ibm.com/.m2/repository/com/typesafe/akka/akka-persistence-query_2.12/2.5.11/akka-persistence-query_2.12-2.5.11.jar:/Users/naveenk@ibm.com/.m2/repository/com/typesafe/akka/akka-cluster-sharding_2.12/2.5.11/akka-cluster-sharding_2.12-2.5.11.jar:/Users/naveenk@ibm.com/.m2/repository/com/typesafe/akka/akka-distributed-data_2.12/2.5.11/akka-distributed-data_2.12-2.5.11.jar:/Users/naveenk@ibm.com/.m2/repository/org/lmdbjava/lmdbjava/0.6.0/lmdbjava-0.6.0.jar:/Users/naveenk@ibm.com/.m2/repository/com/github/jnr/jnr-ffi/2.1.6/jnr-ffi-2.1.6.jar:/Users/naveenk@ibm.com/.m2/repository/com/github/jnr/jffi/1.2.16/jffi-1.2.16.jar:/Users/naveenk@ibm.com/.m2/repository/com/github/jnr/jffi/1.2.16/jffi-1.2.16-native.jar:/Users/naveenk@ibm.com/.m2/repository/org/ow2/asm/asm/5.0.3/asm-5.0.3.jar:/Users/naveenk@ibm.com/.m2/repository/org/ow2/asm/asm-commons/5.0.3/asm-commons-5.0.3.jar:/Users/naveenk@ibm.com/.m2/repository/org/ow2/asm/asm-analysis/5.0.3/asm-analysis-5.0.3.jar:/Users/naveenk@ibm.com/.m2/repository/org/ow2/asm/asm-tree/5.0.3/asm-tree-5.0.3.jar:/Users/naveenk@ibm.com/.m2/repository/org/ow2/asm/asm-util/5.0.3/asm-util-5.0.3.jar:/Users/naveenk@ibm.com/.m2/repository/com/github/jnr/jnr-x86asm/1.0.2/jnr-x86asm-1.0.2.jar:/Users/naveenk@ibm.com/.m2/repository/com/github/jnr/jnr-constants/0.9.9/jnr-constants-0.9.9.jar:/Users/naveenk@ibm.com/.m2/repository/com/typesafe/akka/akka-stream-testkit_2.12/2.5.11/akka-stream-testkit_2.12-2.5.11.jar:/Users/naveenk@ibm.com/.m2/repository/com/typesafe/akka/akka-testkit_2.12/2.5.11/akka-testkit_2.12-2.5.11.jar:/Users/naveenk@ibm.com/.m2/repository/junit/junit/4.11/junit-4.11.jar:/Users/naveenk@ibm.com/.m2/repository/org/hamcrest/hamcrest-core/1.3/hamcrest-core-1.3.jar:"/>
    <property name="sun.cpu.endian" value="little"/>
    <property name="user.home" value="/Users/naveenk@ibm.com"/>
    <property name="user.language" value="en"/>
    <property name="java.specification.vendor" value="Oracle Corporation"/>
    <property name="java.home" value="/Library/Java/JavaVirtualMachines/jdk1.8.0_181.jdk/Contents/Home/jre"/>
    <property name="basedir" value="/Users/naveenk@ibm.com/codewind-workspace/my-lagom-project/hello-impl"/>
    <property name="file.separator" value="/"/>
    <property name="line.separator" value="&#10;"/>
    <property name="java.vm.specification.vendor" value="Oracle Corporation"/>
    <property name="java.specification.name" value="Java Platform API Specification"/>
    <property name="java.awt.graphicsenv" value="sun.awt.CGraphicsEnvironment"/>
    <property name="surefire.real.class.path" value="/Users/naveenk@ibm.com/codewind-workspace/my-lagom-project/hello-impl/target/surefire/surefirebooter1855784451604172115.jar"/>
    <property name="sun.boot.class.path" value="/Library/Java/JavaVirtualMachines/jdk1.8.0_181.jdk/Contents/Home/jre/lib/resources.jar:/Library/Java/JavaVirtualMachines/jdk1.8.0_181.jdk/Contents/Home/jre/lib/rt.jar:/Library/Java/JavaVirtualMachines/jdk1.8.0_181.jdk/Contents/Home/jre/lib/sunrsasign.jar:/Library/Java/JavaVirtualMachines/jdk1.8.0_181.jdk/Contents/Home/jre/lib/jsse.jar:/Library/Java/JavaVirtualMachines/jdk1.8.0_181.jdk/Contents/Home/jre/lib/jce.jar:/Library/Java/JavaVirtualMachines/jdk1.8.0_181.jdk/Contents/Home/jre/lib/charsets.jar:/Library/Java/JavaVirtualMachines/jdk1.8.0_181.jdk/Contents/Home/jre/lib/jfr.jar:/Library/Java/JavaVirtualMachines/jdk1.8.0_181.jdk/Contents/Home/jre/classes"/>
    <property name="sun.management.compiler" value="HotSpot 64-Bit Tiered Compilers"/>
    <property name="java.runtime.version" value="1.8.0_181-b13"/>
    <property name="user.name" value="naveenk@ibm.com"/>
    <property name="path.separator" value=":"/>
    <property name="os.version" value="10.14.5"/>
    <property name="java.endorsed.dirs" value="/Library/Java/JavaVirtualMachines/jdk1.8.0_181.jdk/Contents/Home/jre/lib/endorsed"/>
    <property name="java.runtime.name" value="Java(TM) SE Runtime Environment"/>
    <property name="file.encoding" value="UTF-8"/>
    <property name="java.vm.name" value="Java HotSpot(TM) 64-Bit Server VM"/>
    <property name="localRepository" value="/Users/naveenk@ibm.com/.m2/repository"/>
    <property name="java.vendor.url.bug" value="http://bugreport.sun.com/bugreport/"/>
    <property name="java.io.tmpdir" value="/var/folders/_7/cgmbz6kn7hj6xvsp48lpc1t40000gn/T/"/>
    <property name="java.version" value="1.8.0_181"/>
    <property name="user.dir" value="/Users/naveenk@ibm.com/codewind-workspace/my-lagom-project/hello-impl"/>
    <property name="os.arch" value="x86_64"/>
    <property name="java.vm.specification.name" value="Java Virtual Machine Specification"/>
    <property name="java.awt.printerjob" value="sun.lwawt.macosx.CPrinterJob"/>
    <property name="sun.os.patch.level" value="unknown"/>
    <property name="java.library.path" value="/Users/naveenk@ibm.com/Library/Java/Extensions:/Library/Java/Extensions:/Network/Library/Java/Extensions:/System/Library/Java/Extensions:/usr/lib/java:."/>
    <property name="java.vm.info" value="mixed mode"/>
    <property name="java.vendor" value="Oracle Corporation"/>
    <property name="java.vm.version" value="25.181-b13"/>
    <property name="java.ext.dirs" value="/Users/naveenk@ibm.com/Library/Java/Extensions:/Library/Java/JavaVirtualMachines/jdk1.8.0_181.jdk/Contents/Home/jre/lib/ext:/Library/Java/Extensions:/Network/Library/Java/Extensions:/System/Library/Java/Extensions:/usr/lib/java"/>
    <property name="sun.io.unicode.encoding" value="UnicodeBig"/>
    <property name="java.class.version" value="52.0"/>
  </properties>
  <testcase name="shouldGreet" classname="com.example.rp.test.lagomendpoints.impl.StringServiceTest" time="5.245"/>
</testsuite>